#
# A fatal error has been detected by the Java Runtime Environment:
#
#  EXCEPTION_UNCAUGHT_CXX_EXCEPTION (0xe06d7363) at pc=0x742bb802, pid=15472, tid=15236
#
# JRE version: Java(TM) SE Runtime Environment (7.0_60-b19) (build 1.7.0_60-b19)
# Java VM: Java HotSpot(TM) Client VM (24.60-b09 mixed mode, sharing windows-x86 )
# Problematic frame:
# C  [KERNELBASE.dll+0xeb802]
#
# Failed to write core dump. Minidumps are not enabled by default on client versions of Windows
#
# If you would like to submit a bug report, please visit:
#   http://bugreport.sun.com/bugreport/crash.jsp
# The crash happened outside the Java Virtual Machine in native code.
# See problematic frame for where to report the bug.
#

---------------  T H R E A D  ---------------

Current thread (0x02c0c400):  JavaThread "main" [_thread_in_native, id=15236, stack(0x02aa0000,0x02af0000)]

siginfo: ExceptionCode=0xe06d7363, ExceptionInformation=0x19930520 0x02adf310 0x686b4ba4 

Registers:
EAX=0x02adf260, EBX=0x02aef710, ECX=0x00000003, EDX=0x00000000
ESP=0x02adf260, EBP=0x02adf2b8, ESI=0x686b4ba4, EDI=0x02adf310
EIP=0x742bb802, EFLAGS=0x00000216

Top of Stack: (sp=0x02adf260)
0x02adf260:   e06d7363 00000001 00000000 742bb802
0x02adf270:   00000003 19930520 02adf310 686b4ba4
0x02adf280:   9f838a44 0000004b 02adf368 02aef40c
0x02adf290:   00000000 02adf368 00c51420 02adf2a8
0x02adf2a0:   02adf280 02adf2f0 02adf368 0000004b
0x02adf2b0:   684da0bd 87af807f 02adf2f8 69218a49
0x02adf2c0:   e06d7363 00000001 00000003 02adf2ec
0x02adf2d0:   02aef3b4 69212425 e06d7363 00000001 

Instructions: (pc=0x742bb802)
0x742bb7e2:   89 44 24 10 c1 e0 02 50 51 8d 44 24 1c 50 e8 cf
0x742bb7f2:   9c 01 00 83 c4 0c 8d 04 24 50 ff 15 90 53 36 74
0x742bb802:   8b 4c 24 54 33 cc e8 33 6a 01 00 8b e5 5d c2 10
0x742bb812:   00 83 64 24 10 00 eb de 6a 0f 58 eb c3 cc cc cc 


Register to memory mapping:

EAX=0x02adf260 is pointing into the stack for thread: 0x02c0c400
EBX=0x02aef710 is pointing into the stack for thread: 0x02c0c400
ECX=0x00000003 is an unknown value
EDX=0x00000000 is an unknown value
ESP=0x02adf260 is pointing into the stack for thread: 0x02c0c400
EBP=0x02adf2b8 is pointing into the stack for thread: 0x02c0c400
ESI=0x686b4ba4 is an unknown value
EDI=0x02adf310 is pointing into the stack for thread: 0x02c0c400


Stack: [0x02aa0000,0x02af0000],  sp=0x02adf260,  free space=252k
Native frames: (J=compiled Java code, j=interpreted, Vv=VM code, C=native code)
C  [KERNELBASE.dll+0xeb802]
C  [MSVCR120.dll+0x18a49]

Java frames: (J=compiled Java code, j=interpreted, Vv=VM code)
j  OCR.OCR.run([B)[Ljava/lang/String;+0
j  OCR.OCR.main([Ljava/lang/String;)V+76
v  ~StubRoutines::call_stub

---------------  P R O C E S S  ---------------

Java Threads: ( => current thread )
  0x02bee000 JavaThread "Java2D Disposer" daemon [_thread_blocked, id=9064, stack(0x05790000,0x057e0000)]
  0x02b87800 JavaThread "Service Thread" daemon [_thread_blocked, id=13904, stack(0x05160000,0x051b0000)]
  0x02b83800 JavaThread "C1 CompilerThread0" daemon [_thread_blocked, id=5516, stack(0x050d0000,0x05120000)]
  0x02b82400 JavaThread "Attach Listener" daemon [_thread_blocked, id=15244, stack(0x05040000,0x05090000)]
  0x02b81400 JavaThread "Signal Dispatcher" daemon [_thread_blocked, id=4256, stack(0x04fb0000,0x05000000)]
  0x02b11000 JavaThread "Finalizer" daemon [_thread_blocked, id=14556, stack(0x04f00000,0x04f50000)]
  0x02b0f800 JavaThread "Reference Handler" daemon [_thread_blocked, id=3344, stack(0x04e70000,0x04ec0000)]
=>0x02c0c400 JavaThread "main" [_thread_in_native, id=15236, stack(0x02aa0000,0x02af0000)]

Other Threads:
  0x02b0e400 VMThread [stack: 0x04de0000,0x04e30000] [id=4148]
  0x02b8cc00 WatcherThread [stack: 0x051f0000,0x05240000] [id=6208]

VM state:not at safepoint (normal execution)

VM Mutex/Monitor currently owned by a thread: None

Heap
 def new generation   total 4928K, used 2361K [0x24800000, 0x24d50000, 0x29d50000)
  eden space 4416K,  53% used [0x24800000, 0x24a4e458, 0x24c50000)
  from space 512K,   0% used [0x24c50000, 0x24c50000, 0x24cd0000)
  to   space 512K,   0% used [0x24cd0000, 0x24cd0000, 0x24d50000)
 tenured generation   total 10944K, used 0K [0x29d50000, 0x2a800000, 0x34800000)
   the space 10944K,   0% used [0x29d50000, 0x29d50000, 0x29d50200, 0x2a800000)
 compacting perm gen  total 12288K, used 888K [0x34800000, 0x35400000, 0x38800000)
   the space 12288K,   7% used [0x34800000, 0x348de190, 0x348de200, 0x35400000)
    ro space 10240K,  44% used [0x38800000, 0x38c7a7a8, 0x38c7a800, 0x39200000)
    rw space 12288K,  52% used [0x39200000, 0x39851db0, 0x39851e00, 0x39e00000)

Card table byte_map: [0x04c90000,0x04d40000] byte_map_base: 0x04b6c000

Polling page: 0x00f10000

Code Cache  [0x02c10000, 0x02cc0000, 0x04c10000)
 total_blobs=209 nmethods=50 adapters=97 free_code_cache=32070Kb largest_free_block=32840448

Compilation events (10 events):
Event: 0.229 Thread 0x02b83800   46             sun.nio.fs.WindowsPath::<init> (26 bytes)
Event: 0.229 Thread 0x02b83800 nmethod 46 0x02cb9808 code [0x02cb9900, 0x02cb99c0]
Event: 0.229 Thread 0x02b83800   47             sun.nio.fs.AbstractPath::<init> (5 bytes)
Event: 0.229 Thread 0x02b83800 nmethod 47 0x02cb9a08 code [0x02cb9b00, 0x02cb9b80]
Event: 0.229 Thread 0x02b83800   48             sun.nio.fs.WindowsPath::getFileSystem (5 bytes)
Event: 0.229 Thread 0x02b83800 nmethod 48 0x02cb9bc8 code [0x02cb9cc0, 0x02cb9d40]
Event: 0.238 Thread 0x02b83800   49             sun.awt.image.ByteInterleavedRaster::getByteData (851 bytes)
Event: 0.239 Thread 0x02b83800 nmethod 49 0x02cba548 code [0x02cba720, 0x02cbb2a4]
Event: 0.242 Thread 0x02b83800   50             sun.awt.image.ByteComponentRaster::verify (413 bytes)
Event: 0.243 Thread 0x02b83800 nmethod 50 0x02cbc5c8 code [0x02cbc8a0, 0x02cbd698]

GC Heap History (0 events):
No events

Deoptimization events (0 events):
No events

Internal exceptions (9 events):
Event: 0.008 Thread 0x02c0c400 Threw 0x24805d38 at C:\re\jdk7u60\1081\hotspot\src\share\vm\prims\jni.cpp:3991
Event: 0.029 Thread 0x02c0c400 Threw 0x24853e58 at C:\re\jdk7u60\1081\hotspot\src\share\vm\prims\jvm.cpp:1244
Event: 0.106 Thread 0x02c0c400 Threw 0x2487d538 at C:\re\jdk7u60\1081\hotspot\src\share\vm\prims\jvm.cpp:1244
Event: 0.106 Thread 0x02c0c400 Threw 0x2487e200 at C:\re\jdk7u60\1081\hotspot\src\share\vm\prims\jvm.cpp:1244
Event: 0.110 Thread 0x02c0c400 Threw 0x24890d88 at C:\re\jdk7u60\1081\hotspot\src\share\vm\prims\jvm.cpp:1244
Event: 0.110 Thread 0x02c0c400 Threw 0x24890f98 at C:\re\jdk7u60\1081\hotspot\src\share\vm\prims\jvm.cpp:1244
Event: 0.112 Thread 0x02c0c400 Threw 0x24896d00 at C:\re\jdk7u60\1081\hotspot\src\share\vm\prims\jvm.cpp:1244
Event: 0.112 Thread 0x02c0c400 Threw 0x24896f10 at C:\re\jdk7u60\1081\hotspot\src\share\vm\prims\jvm.cpp:1244
Event: 0.113 Thread 0x02c0c400 Threw 0x24898678 at C:\re\jdk7u60\1081\hotspot\src\share\vm\prims\jni.cpp:717

Events (10 events):
Event: 0.237 loading class 0x02bdd1c8
Event: 0.237 loading class 0x02bdd1c8 done
Event: 0.237 loading class 0x02bd32f0
Event: 0.237 loading class 0x02bd32f0 done
Event: 0.237 loading class 0x02bdd210
Event: 0.237 loading class 0x02bdd210 done
Event: 0.237 loading class 0x02bdcf08
Event: 0.237 loading class 0x02bdcf08 done
Event: 0.237 loading class 0x02bdd038
Event: 0.237 loading class 0x02bdd038 done


Dynamic libraries:
0x00ac0000 - 0x00aef000 	C:\Program Files (x86)\Java\jdk1.7.0_60\bin\java.exe
0x77350000 - 0x774de000 	C:\WINDOWS\SYSTEM32\ntdll.dll
0x762e0000 - 0x763b0000 	C:\WINDOWS\System32\KERNEL32.DLL
0x741d0000 - 0x74392000 	C:\WINDOWS\System32\KERNELBASE.dll
0x73800000 - 0x73893000 	C:\WINDOWS\SYSTEM32\apphelp.dll
0x76010000 - 0x76087000 	C:\WINDOWS\System32\ADVAPI32.dll
0x763b0000 - 0x7646d000 	C:\WINDOWS\System32\msvcrt.dll
0x76220000 - 0x76261000 	C:\WINDOWS\System32\sechost.dll
0x76e30000 - 0x76ef0000 	C:\WINDOWS\System32\RPCRT4.dll
0x73d10000 - 0x73d30000 	C:\WINDOWS\System32\SspiCli.dll
0x73d00000 - 0x73d0a000 	C:\WINDOWS\System32\CRYPTBASE.dll
0x746c0000 - 0x74717000 	C:\WINDOWS\System32\bcryptPrimitives.dll
0x76cf0000 - 0x76e2c000 	C:\WINDOWS\System32\USER32.dll
0x741b0000 - 0x741c6000 	C:\WINDOWS\System32\win32u.dll
0x73d30000 - 0x73d51000 	C:\WINDOWS\System32\GDI32.dll
0x74770000 - 0x748c8000 	C:\WINDOWS\System32\gdi32full.dll
0x74430000 - 0x744a9000 	C:\WINDOWS\System32\msvcp_win.dll
0x745a0000 - 0x746b8000 	C:\WINDOWS\System32\ucrtbase.dll
0x6eca0000 - 0x6eeae000 	C:\WINDOWS\WinSxS\x86_microsoft.windows.common-controls_6595b64144ccf1df_6.0.15063.483_none_6dad63fefc436da8\COMCTL32.dll
0x748f0000 - 0x74b28000 	C:\WINDOWS\System32\combase.dll
0x73f50000 - 0x73f75000 	C:\WINDOWS\System32\IMM32.DLL
0x6bec0000 - 0x6bf7f000 	C:\Program Files (x86)\Java\jdk1.7.0_60\jre\bin\msvcr100.dll
0x686e0000 - 0x68a68000 	C:\Program Files (x86)\Java\jdk1.7.0_60\jre\bin\client\jvm.dll
0x76c80000 - 0x76c86000 	C:\WINDOWS\System32\PSAPI.DLL
0x72b90000 - 0x72b98000 	C:\WINDOWS\SYSTEM32\WSOCK32.dll
0x72b60000 - 0x72b84000 	C:\WINDOWS\SYSTEM32\WINMM.dll
0x73f80000 - 0x73fe7000 	C:\WINDOWS\System32\WS2_32.dll
0x72a50000 - 0x72a73000 	C:\WINDOWS\SYSTEM32\winmmbase.dll
0x77310000 - 0x77349000 	C:\WINDOWS\System32\cfgmgr32.dll
0x717e0000 - 0x717ec000 	C:\Program Files (x86)\Java\jdk1.7.0_60\jre\bin\verify.dll
0x71750000 - 0x71770000 	C:\Program Files (x86)\Java\jdk1.7.0_60\jre\bin\java.dll
0x71730000 - 0x71743000 	C:\Program Files (x86)\Java\jdk1.7.0_60\jre\bin\zip.dll
0x6bca0000 - 0x6beb9000 	C:\Users\test\Documents\NetBeansProjects\test\libtesseract302.dll
0x73740000 - 0x737e3000 	C:\WINDOWS\WinSxS\x86_microsoft.vc90.crt_1fc8b3b9a1e18e3b_9.0.30729.9279_none_50939ec6bcb7c97c\MSVCR90.dll
0x6bc10000 - 0x6bc9e000 	C:\WINDOWS\WinSxS\x86_microsoft.vc90.crt_1fc8b3b9a1e18e3b_9.0.30729.9279_none_50939ec6bcb7c97c\MSVCP90.dll
0x696e0000 - 0x6987c000 	C:\Users\test\Documents\NetBeansProjects\test\liblept168.dll
0x684d0000 - 0x686e0000 	C:\Users\test\Documents\NetBeansProjects\test\opencv_core2413.dll
0x6bb90000 - 0x6bc01000 	C:\WINDOWS\SYSTEM32\MSVCP120.dll
0x69200000 - 0x692ee000 	C:\WINDOWS\SYSTEM32\MSVCR120.dll
0x682b0000 - 0x684c7000 	C:\Users\test\Documents\NetBeansProjects\test\opencv_highgui2413.dll
0x73e50000 - 0x73f43000 	C:\WINDOWS\System32\ole32.dll
0x744b0000 - 0x74546000 	C:\WINDOWS\System32\OLEAUT32.dll
0x6d7c0000 - 0x6d7db000 	C:\WINDOWS\SYSTEM32\AVIFIL32.dll
0x6f1d0000 - 0x6f1e4000 	C:\WINDOWS\SYSTEM32\AVICAP32.dll
0x6e3a0000 - 0x6e3c2000 	C:\WINDOWS\SYSTEM32\MSVFW32.dll
0x74bd0000 - 0x75f18000 	C:\WINDOWS\System32\SHELL32.dll
0x717b0000 - 0x717c8000 	C:\WINDOWS\SYSTEM32\MSACM32.dll
0x74b40000 - 0x74bcc000 	C:\WINDOWS\System32\shcore.dll
0x76470000 - 0x769f4000 	C:\WINDOWS\System32\windows.storage.dll
0x74720000 - 0x74765000 	C:\WINDOWS\System32\shlwapi.dll
0x76210000 - 0x7621e000 	C:\WINDOWS\System32\kernel.appcore.dll
0x74550000 - 0x74595000 	C:\WINDOWS\System32\powrprof.dll
0x74b30000 - 0x74b40000 	C:\WINDOWS\System32\profapi.dll
0x66680000 - 0x668e8000 	C:\Users\test\Documents\NetBeansProjects\test\opencv_imgproc2413.dll
0x716e0000 - 0x716ea000 	C:\Users\test\Documents\NetBeansProjects\test\OCR.dll
0x559c0000 - 0x55a45000 	C:\WINDOWS\SYSTEM32\MSVCP110.dll
0x55a50000 - 0x55b26000 	C:\WINDOWS\SYSTEM32\MSVCR110.dll
0x68160000 - 0x682a3000 	C:\Program Files (x86)\Java\jdk1.7.0_60\jre\bin\awt.dll
0x6d710000 - 0x6d735000 	C:\Program Files (x86)\Java\jdk1.7.0_60\jre\bin\jpeg.dll
0x71ab0000 - 0x71ac3000 	C:\WINDOWS\SYSTEM32\CRYPTSP.dll
0x71a80000 - 0x71aaf000 	C:\WINDOWS\system32\rsaenh.dll
0x72280000 - 0x72298000 	C:\WINDOWS\SYSTEM32\bcrypt.dll
0x73160000 - 0x73182000 	C:\WINDOWS\SYSTEM32\USERENV.dll
0x6c360000 - 0x6c374000 	C:\Program Files (x86)\Java\jdk1.7.0_60\jre\bin\net.dll
0x71b60000 - 0x71bae000 	C:\WINDOWS\system32\mswsock.dll
0x73130000 - 0x7315f000 	C:\WINDOWS\SYSTEM32\IPHLPAPI.DLL
0x76a60000 - 0x76a67000 	C:\WINDOWS\System32\NSI.dll
0x71a60000 - 0x71a73000 	C:\WINDOWS\SYSTEM32\dhcpcsvc6.DLL
0x71a40000 - 0x71a54000 	C:\WINDOWS\SYSTEM32\dhcpcsvc.DLL
0x6d7b0000 - 0x6d7bf000 	C:\Program Files (x86)\Java\jdk1.7.0_60\jre\bin\nio.dll
0x6eb40000 - 0x6ec9d000 	C:\WINDOWS\SYSTEM32\dbghelp.dll

VM Arguments:
jvm_args: -Dfile.encoding=UTF-8 
java_command: OCR.OCR
Launcher Type: SUN_STANDARD

Environment Variables:
JAVA_HOME=C:\Program Files (x86)\Java\jdk1.7.0_60
PATH=C:\Program Files\Microsoft MPI\Bin\;C:\ProgramData\Oracle\Java\javapath;C:\WINDOWS\system32;C:\WINDOWS;C:\WINDOWS\System32\Wbem;C:\WINDOWS\System32\WindowsPowerShell\v1.0\;C:\Program Files\Microsoft\Web Platform Installer\;D:\opencv\opencv\build\x64\vc12\bin;C:\Program Files (x86)\Microsoft Visual Studio 11.0\Common7\IDE;C:\Program Files\Microsoft SQL Server\130\Tools\Binn\;C:\Program Files (x86)\Windows Kits\10\Windows Performance Toolkit\;C:\Program Files (x86)\Microsoft SQL Server\110\DTS\Binn\;C:\Program Files (x86)\Microsoft SQL Server\120\DTS\Binn\;C:\Program Files (x86)\Microsoft SQL Server\130\DTS\Binn\;C:\Program Files\dotnet\;C:\Program Files\Microsoft SQL Server\Client SDK\ODBC\130\Tools\Binn\;C:\Program Files (x86)\Microsoft SQL Server\130\Tools\Binn\;C:\Program Files\Microsoft SQL Server\130\DTS\Binn\;C:\Program Files (x86)\Microsoft SQL Server\Client SDK\ODBC\130\Tools\Binn\;C:\Program Files (x86)\Microsoft SQL Server\130\Tools\Binn\ManagementStudio\;C:\Program Files\PuTTY\;C:\Program Files\CMake\bin;C:\Program Files\Microsoft SQL Server\110\Tools\Binn\;C:\Program Files\MATLAB\R2016a\bin;C:\Program Files (x86)\Skype\Phone\;C:\Program Files (x86)\Microsoft Visual Studio 11.0\VC\bin;C:\Program Files (x86)\Java\jdk1.7.0_60;C:\Users\test\Documents\Visual Studio 2012\Projects;C:\Users\test\Documents\NetBeansProjects\test;C:\Program Files\Git\cmd;C:\Users\test\AppData\Local\Microsoft\WindowsApps;C:\Program Files (x86)\Nmap
USERNAME=test
OS=Windows_NT
PROCESSOR_IDENTIFIER=Intel64 Family 6 Model 58 Stepping 9, GenuineIntel



---------------  S Y S T E M  ---------------

OS: Windows 8.1 , 64 bit Build 9600 

CPU:total 8 (4 cores per cpu, 2 threads per core) family 6 model 58 stepping 9, cmov, cx8, fxsr, mmx, sse, sse2, sse3, ssse3, sse4.1, sse4.2, popcnt, avx, aes, erms, ht, tsc, tscinvbit, tscinv

Memory: 4k page, physical 8320524k(3232660k free), swap 16709132k(9696700k free)

vm_info: Java HotSpot(TM) Client VM (24.60-b09) for windows-x86 JRE (1.7.0_60-b19), built on May  7 2014 13:09:52 by "java_re" with unknown MS VC++:1600

time: Mon Jul 31 12:33:17 2017
elapsed time: 0 seconds

